{"C:\\Users\\Khodani\\OneDrive\\Documents\\SD-Project-repo\\src\\signup.js": {"path":"C:\\Users\\Khodani\\OneDrive\\Documents\\SD-Project-repo\\src\\signup.js","statementMap":{"0":{"start":{"line":1,"column":0},"end":{"line":84,"column":3}},"1":{"start":{"line":2,"column":17},"end":{"line":2,"column":47}},"2":{"start":{"line":3,"column":25},"end":{"line":3,"column":61}},"3":{"start":{"line":5,"column":4},"end":{"line":10,"column":7}},"4":{"start":{"line":6,"column":8},"end":{"line":6,"column":31}},"5":{"start":{"line":9,"column":8},"end":{"line":9,"column":21}},"6":{"start":{"line":14,"column":8},"end":{"line":14,"column":37}},"7":{"start":{"line":16,"column":19},"end":{"line":16,"column":57}},"8":{"start":{"line":17,"column":20},"end":{"line":17,"column":58}},"9":{"start":{"line":18,"column":23},"end":{"line":18,"column":64}},"10":{"start":{"line":19,"column":30},"end":{"line":19,"column":78}},"11":{"start":{"line":20,"column":21},"end":{"line":20,"column":60}},"12":{"start":{"line":23,"column":20},"end":{"line":23,"column":54}},"13":{"start":{"line":24,"column":8},"end":{"line":29,"column":9}},"14":{"start":{"line":24,"column":21},"end":{"line":24,"column":22}},"15":{"start":{"line":25,"column":12},"end":{"line":28,"column":13}},"16":{"start":{"line":26,"column":16},"end":{"line":26,"column":38}},"17":{"start":{"line":27,"column":16},"end":{"line":27,"column":22}},"18":{"start":{"line":31,"column":8},"end":{"line":36,"column":9}},"19":{"start":{"line":32,"column":12},"end":{"line":32,"column":44}},"20":{"start":{"line":34,"column":12},"end":{"line":34,"column":42}},"21":{"start":{"line":35,"column":12},"end":{"line":35,"column":19}},"22":{"start":{"line":39,"column":23},"end":{"line":46,"column":9}},"23":{"start":{"line":49,"column":8},"end":{"line":82,"column":11}},"24":{"start":{"line":57,"column":12},"end":{"line":59,"column":13}},"25":{"start":{"line":58,"column":16},"end":{"line":58,"column":63}},"26":{"start":{"line":60,"column":12},"end":{"line":60,"column":35}},"27":{"start":{"line":63,"column":12},"end":{"line":69,"column":13}},"28":{"start":{"line":65,"column":16},"end":{"line":65,"column":52}},"29":{"start":{"line":68,"column":16},"end":{"line":68,"column":41}},"30":{"start":{"line":71,"column":12},"end":{"line":71,"column":42}},"31":{"start":{"line":74,"column":12},"end":{"line":74,"column":43}},"32":{"start":{"line":75,"column":12},"end":{"line":78,"column":13}},"33":{"start":{"line":77,"column":16},"end":{"line":77,"column":44}},"34":{"start":{"line":81,"column":12},"end":{"line":81,"column":42}},"35":{"start":{"line":89,"column":18},"end":{"line":89,"column":46}},"36":{"start":{"line":90,"column":4},"end":{"line":90,"column":42}},"37":{"start":{"line":91,"column":4},"end":{"line":91,"column":46}},"38":{"start":{"line":92,"column":4},"end":{"line":92,"column":55}},"39":{"start":{"line":93,"column":4},"end":{"line":93,"column":48}},"40":{"start":{"line":96,"column":4},"end":{"line":96,"column":40}}},"fnMap":{"0":{"name":"(anonymous_0)","decl":{"start":{"line":1,"column":46},"end":{"line":1,"column":47}},"loc":{"start":{"line":1,"column":58},"end":{"line":84,"column":1}},"line":1},"1":{"name":"(anonymous_1)","decl":{"start":{"line":5,"column":36},"end":{"line":5,"column":37}},"loc":{"start":{"line":5,"column":53},"end":{"line":10,"column":5}},"line":5},"2":{"name":"submitForm","decl":{"start":{"line":12,"column":13},"end":{"line":12,"column":23}},"loc":{"start":{"line":12,"column":26},"end":{"line":83,"column":5}},"line":12},"3":{"name":"(anonymous_3)","decl":{"start":{"line":56,"column":14},"end":{"line":56,"column":15}},"loc":{"start":{"line":56,"column":26},"end":{"line":61,"column":9}},"line":56},"4":{"name":"(anonymous_4)","decl":{"start":{"line":62,"column":14},"end":{"line":62,"column":15}},"loc":{"start":{"line":62,"column":22},"end":{"line":72,"column":9}},"line":62},"5":{"name":"(anonymous_5)","decl":{"start":{"line":73,"column":15},"end":{"line":73,"column":16}},"loc":{"start":{"line":73,"column":24},"end":{"line":82,"column":9}},"line":73},"6":{"name":"onSignIn","decl":{"start":{"line":87,"column":9},"end":{"line":87,"column":17}},"loc":{"start":{"line":87,"column":30},"end":{"line":97,"column":1}},"line":87}},"branchMap":{"0":{"loc":{"start":{"line":25,"column":12},"end":{"line":28,"column":13}},"type":"if","locations":[{"start":{"line":25,"column":12},"end":{"line":28,"column":13}},{"start":{},"end":{}}],"line":25},"1":{"loc":{"start":{"line":31,"column":8},"end":{"line":36,"column":9}},"type":"if","locations":[{"start":{"line":31,"column":8},"end":{"line":36,"column":9}},{"start":{},"end":{}}],"line":31},"2":{"loc":{"start":{"line":57,"column":12},"end":{"line":59,"column":13}},"type":"if","locations":[{"start":{"line":57,"column":12},"end":{"line":59,"column":13}},{"start":{},"end":{}}],"line":57},"3":{"loc":{"start":{"line":63,"column":12},"end":{"line":69,"column":13}},"type":"if","locations":[{"start":{"line":63,"column":12},"end":{"line":69,"column":13}},{"start":{"line":66,"column":19},"end":{"line":69,"column":13}}],"line":63},"4":{"loc":{"start":{"line":75,"column":12},"end":{"line":78,"column":13}},"type":"if","locations":[{"start":{"line":75,"column":12},"end":{"line":78,"column":13}},{"start":{},"end":{}}],"line":75}},"s":{"0":1,"1":0,"2":0,"3":0,"4":0,"5":0,"6":0,"7":0,"8":0,"9":0,"10":0,"11":0,"12":0,"13":0,"14":0,"15":0,"16":0,"17":0,"18":0,"19":0,"20":0,"21":0,"22":0,"23":0,"24":0,"25":0,"26":0,"27":0,"28":0,"29":0,"30":0,"31":0,"32":0,"33":0,"34":0,"35":0,"36":0,"37":0,"38":0,"39":0,"40":0},"f":{"0":0,"1":0,"2":0,"3":0,"4":0,"5":0,"6":0},"b":{"0":[0,0],"1":[0,0],"2":[0,0],"3":[0,0],"4":[0,0]},"_coverageSchema":"1a1c01bbd47fc00a2c39e90264f33305004495a9","hash":"2bbfc2a0fb2b54b982b2c918b747dc02baa406cc"}
}
