{"C:\\Users\\mixol\\Desktop\\SD-Project-repo\\src\\adminActions.js": {"path":"C:\\Users\\mixol\\Desktop\\SD-Project-repo\\src\\adminActions.js","statementMap":{"0":{"start":{"line":2,"column":4},"end":{"line":33,"column":5}},"1":{"start":{"line":3,"column":28},"end":{"line":3,"column":93}},"2":{"start":{"line":4,"column":30},"end":{"line":4,"column":70}},"3":{"start":{"line":5,"column":8},"end":{"line":5,"column":37}},"4":{"start":{"line":7,"column":25},"end":{"line":7,"column":74}},"5":{"start":{"line":8,"column":8},"end":{"line":10,"column":9}},"6":{"start":{"line":9,"column":12},"end":{"line":9,"column":59}},"7":{"start":{"line":11,"column":29},"end":{"line":11,"column":50}},"8":{"start":{"line":12,"column":8},"end":{"line":16,"column":9}},"9":{"start":{"line":13,"column":12},"end":{"line":13,"column":51}},"10":{"start":{"line":15,"column":12},"end":{"line":15,"column":19}},"11":{"start":{"line":18,"column":8},"end":{"line":29,"column":11}},"12":{"start":{"line":19,"column":29},"end":{"line":19,"column":57}},"13":{"start":{"line":20,"column":12},"end":{"line":20,"column":52}},"14":{"start":{"line":22,"column":12},"end":{"line":27,"column":14}},"15":{"start":{"line":28,"column":12},"end":{"line":28,"column":48}},"16":{"start":{"line":31,"column":8},"end":{"line":31,"column":67}},"17":{"start":{"line":39,"column":4},"end":{"line":71,"column":5}},"18":{"start":{"line":40,"column":8},"end":{"line":70,"column":9}},"19":{"start":{"line":42,"column":29},"end":{"line":44,"column":14}},"20":{"start":{"line":46,"column":12},"end":{"line":66,"column":13}},"21":{"start":{"line":48,"column":16},"end":{"line":48,"column":65}},"22":{"start":{"line":49,"column":16},"end":{"line":49,"column":30}},"23":{"start":{"line":51,"column":37},"end":{"line":51,"column":72}},"24":{"start":{"line":52,"column":16},"end":{"line":54,"column":17}},"25":{"start":{"line":53,"column":20},"end":{"line":53,"column":42}},"26":{"start":{"line":55,"column":16},"end":{"line":55,"column":35}},"27":{"start":{"line":57,"column":38},"end":{"line":57,"column":78}},"28":{"start":{"line":58,"column":16},"end":{"line":61,"column":17}},"29":{"start":{"line":59,"column":20},"end":{"line":59,"column":70}},"30":{"start":{"line":60,"column":20},"end":{"line":60,"column":57}},"31":{"start":{"line":64,"column":16},"end":{"line":64,"column":79}},"32":{"start":{"line":68,"column":12},"end":{"line":68,"column":65}},"33":{"start":{"line":78,"column":20},"end":{"line":78,"column":55}},"34":{"start":{"line":81,"column":22},"end":{"line":81,"column":53}},"35":{"start":{"line":82,"column":15},"end":{"line":82,"column":51}},"36":{"start":{"line":83,"column":23},"end":{"line":83,"column":55}},"37":{"start":{"line":84,"column":16},"end":{"line":84,"column":54}},"38":{"start":{"line":85,"column":26},"end":{"line":85,"column":61}},"39":{"start":{"line":86,"column":19},"end":{"line":86,"column":63}},"40":{"start":{"line":87,"column":33},"end":{"line":87,"column":75}},"41":{"start":{"line":88,"column":26},"end":{"line":88,"column":84}},"42":{"start":{"line":91,"column":23},"end":{"line":91,"column":57}},"43":{"start":{"line":94,"column":4},"end":{"line":99,"column":5}},"44":{"start":{"line":94,"column":17},"end":{"line":94,"column":18}},"45":{"start":{"line":95,"column":8},"end":{"line":98,"column":9}},"46":{"start":{"line":96,"column":12},"end":{"line":96,"column":41}},"47":{"start":{"line":97,"column":12},"end":{"line":97,"column":18}},"48":{"start":{"line":101,"column":4},"end":{"line":106,"column":5}},"49":{"start":{"line":102,"column":8},"end":{"line":102,"column":40}},"50":{"start":{"line":104,"column":8},"end":{"line":104,"column":35}},"51":{"start":{"line":105,"column":8},"end":{"line":105,"column":15}},"52":{"start":{"line":107,"column":4},"end":{"line":111,"column":5}},"53":{"start":{"line":108,"column":8},"end":{"line":108,"column":36}},"54":{"start":{"line":113,"column":19},"end":{"line":119,"column":5}},"55":{"start":{"line":121,"column":4},"end":{"line":151,"column":5}},"56":{"start":{"line":122,"column":25},"end":{"line":128,"column":10}},"57":{"start":{"line":130,"column":8},"end":{"line":132,"column":9}},"58":{"start":{"line":131,"column":12},"end":{"line":131,"column":59}},"59":{"start":{"line":134,"column":21},"end":{"line":134,"column":42}},"60":{"start":{"line":136,"column":8},"end":{"line":144,"column":9}},"61":{"start":{"line":138,"column":12},"end":{"line":138,"column":25}},"62":{"start":{"line":139,"column":12},"end":{"line":139,"column":53}},"63":{"start":{"line":141,"column":13},"end":{"line":144,"column":9}},"64":{"start":{"line":143,"column":12},"end":{"line":143,"column":30}},"65":{"start":{"line":147,"column":8},"end":{"line":147,"column":39}},"66":{"start":{"line":150,"column":8},"end":{"line":150,"column":35}},"67":{"start":{"line":154,"column":0},"end":{"line":163,"column":3}},"68":{"start":{"line":155,"column":17},"end":{"line":155,"column":56}},"69":{"start":{"line":156,"column":22},"end":{"line":156,"column":57}},"70":{"start":{"line":158,"column":4},"end":{"line":162,"column":7}},"71":{"start":{"line":159,"column":8},"end":{"line":159,"column":31}},"72":{"start":{"line":161,"column":8},"end":{"line":161,"column":29}},"73":{"start":{"line":165,"column":0},"end":{"line":167,"column":3}},"74":{"start":{"line":166,"column":4},"end":{"line":166,"column":23}},"75":{"start":{"line":170,"column":4},"end":{"line":196,"column":5}},"76":{"start":{"line":171,"column":25},"end":{"line":171,"column":50}},"77":{"start":{"line":172,"column":8},"end":{"line":174,"column":9}},"78":{"start":{"line":173,"column":12},"end":{"line":173,"column":59}},"79":{"start":{"line":175,"column":29},"end":{"line":175,"column":50}},"80":{"start":{"line":176,"column":30},"end":{"line":176,"column":70}},"81":{"start":{"line":177,"column":8},"end":{"line":177,"column":37}},"82":{"start":{"line":179,"column":8},"end":{"line":192,"column":11}},"83":{"start":{"line":180,"column":29},"end":{"line":180,"column":57}},"84":{"start":{"line":181,"column":12},"end":{"line":181,"column":52}},"85":{"start":{"line":183,"column":12},"end":{"line":190,"column":14}},"86":{"start":{"line":191,"column":12},"end":{"line":191,"column":48}},"87":{"start":{"line":194,"column":8},"end":{"line":194,"column":61}},"88":{"start":{"line":199,"column":0},"end":{"line":204,"column":2}}},"fnMap":{"0":{"name":"searchStaff","decl":{"start":{"line":1,"column":15},"end":{"line":1,"column":26}},"loc":{"start":{"line":1,"column":29},"end":{"line":34,"column":1}},"line":1},"1":{"name":"(anonymous_1)","decl":{"start":{"line":18,"column":29},"end":{"line":18,"column":30}},"loc":{"start":{"line":18,"column":38},"end":{"line":29,"column":9}},"line":18},"2":{"name":"deleteStaff","decl":{"start":{"line":38,"column":15},"end":{"line":38,"column":26}},"loc":{"start":{"line":38,"column":48},"end":{"line":72,"column":1}},"line":38},"3":{"name":"addStaff","decl":{"start":{"line":76,"column":15},"end":{"line":76,"column":23}},"loc":{"start":{"line":76,"column":30},"end":{"line":152,"column":1}},"line":76},"4":{"name":"(anonymous_4)","decl":{"start":{"line":154,"column":46},"end":{"line":154,"column":47}},"loc":{"start":{"line":154,"column":58},"end":{"line":163,"column":1}},"line":154},"5":{"name":"(anonymous_5)","decl":{"start":{"line":158,"column":36},"end":{"line":158,"column":37}},"loc":{"start":{"line":158,"column":59},"end":{"line":162,"column":5}},"line":158},"6":{"name":"(anonymous_6)","decl":{"start":{"line":165,"column":46},"end":{"line":165,"column":47}},"loc":{"start":{"line":165,"column":58},"end":{"line":167,"column":1}},"line":165},"7":{"name":"displayStaffList","decl":{"start":{"line":169,"column":15},"end":{"line":169,"column":31}},"loc":{"start":{"line":169,"column":34},"end":{"line":197,"column":1}},"line":169},"8":{"name":"(anonymous_8)","decl":{"start":{"line":179,"column":29},"end":{"line":179,"column":30}},"loc":{"start":{"line":179,"column":38},"end":{"line":192,"column":9}},"line":179}},"branchMap":{"0":{"loc":{"start":{"line":8,"column":8},"end":{"line":10,"column":9}},"type":"if","locations":[{"start":{"line":8,"column":8},"end":{"line":10,"column":9}},{"start":{},"end":{}}],"line":8},"1":{"loc":{"start":{"line":12,"column":8},"end":{"line":16,"column":9}},"type":"if","locations":[{"start":{"line":12,"column":8},"end":{"line":16,"column":9}},{"start":{},"end":{}}],"line":12},"2":{"loc":{"start":{"line":39,"column":4},"end":{"line":71,"column":5}},"type":"if","locations":[{"start":{"line":39,"column":4},"end":{"line":71,"column":5}},{"start":{},"end":{}}],"line":39},"3":{"loc":{"start":{"line":46,"column":12},"end":{"line":66,"column":13}},"type":"if","locations":[{"start":{"line":46,"column":12},"end":{"line":66,"column":13}},{"start":{"line":62,"column":19},"end":{"line":66,"column":13}}],"line":46},"4":{"loc":{"start":{"line":52,"column":16},"end":{"line":54,"column":17}},"type":"if","locations":[{"start":{"line":52,"column":16},"end":{"line":54,"column":17}},{"start":{},"end":{}}],"line":52},"5":{"loc":{"start":{"line":58,"column":16},"end":{"line":61,"column":17}},"type":"if","locations":[{"start":{"line":58,"column":16},"end":{"line":61,"column":17}},{"start":{},"end":{}}],"line":58},"6":{"loc":{"start":{"line":82,"column":15},"end":{"line":82,"column":51}},"type":"cond-expr","locations":[{"start":{"line":82,"column":29},"end":{"line":82,"column":46}},{"start":{"line":82,"column":49},"end":{"line":82,"column":51}}],"line":82},"7":{"loc":{"start":{"line":84,"column":16},"end":{"line":84,"column":54}},"type":"cond-expr","locations":[{"start":{"line":84,"column":31},"end":{"line":84,"column":49}},{"start":{"line":84,"column":52},"end":{"line":84,"column":54}}],"line":84},"8":{"loc":{"start":{"line":86,"column":19},"end":{"line":86,"column":63}},"type":"cond-expr","locations":[{"start":{"line":86,"column":37},"end":{"line":86,"column":58}},{"start":{"line":86,"column":61},"end":{"line":86,"column":63}}],"line":86},"9":{"loc":{"start":{"line":88,"column":26},"end":{"line":88,"column":84}},"type":"cond-expr","locations":[{"start":{"line":88,"column":51},"end":{"line":88,"column":79}},{"start":{"line":88,"column":82},"end":{"line":88,"column":84}}],"line":88},"10":{"loc":{"start":{"line":95,"column":8},"end":{"line":98,"column":9}},"type":"if","locations":[{"start":{"line":95,"column":8},"end":{"line":98,"column":9}},{"start":{},"end":{}}],"line":95},"11":{"loc":{"start":{"line":101,"column":4},"end":{"line":106,"column":5}},"type":"if","locations":[{"start":{"line":101,"column":4},"end":{"line":106,"column":5}},{"start":{},"end":{}}],"line":101},"12":{"loc":{"start":{"line":107,"column":4},"end":{"line":111,"column":5}},"type":"if","locations":[{"start":{"line":107,"column":4},"end":{"line":111,"column":5}},{"start":{},"end":{}}],"line":107},"13":{"loc":{"start":{"line":130,"column":8},"end":{"line":132,"column":9}},"type":"if","locations":[{"start":{"line":130,"column":8},"end":{"line":132,"column":9}},{"start":{},"end":{}}],"line":130},"14":{"loc":{"start":{"line":136,"column":8},"end":{"line":144,"column":9}},"type":"if","locations":[{"start":{"line":136,"column":8},"end":{"line":144,"column":9}},{"start":{"line":141,"column":13},"end":{"line":144,"column":9}}],"line":136},"15":{"loc":{"start":{"line":141,"column":13},"end":{"line":144,"column":9}},"type":"if","locations":[{"start":{"line":141,"column":13},"end":{"line":144,"column":9}},{"start":{},"end":{}}],"line":141},"16":{"loc":{"start":{"line":172,"column":8},"end":{"line":174,"column":9}},"type":"if","locations":[{"start":{"line":172,"column":8},"end":{"line":174,"column":9}},{"start":{},"end":{}}],"line":172}},"s":{"0":4,"1":4,"2":2,"3":2,"4":2,"5":2,"6":1,"7":1,"8":1,"9":0,"10":0,"11":1,"12":2,"13":2,"14":2,"15":2,"16":3,"17":4,"18":4,"19":4,"20":3,"21":2,"22":2,"23":2,"24":2,"25":0,"26":2,"27":2,"28":2,"29":0,"30":0,"31":0,"32":4,"33":1,"34":1,"35":1,"36":1,"37":1,"38":1,"39":1,"40":1,"41":1,"42":1,"43":1,"44":1,"45":0,"46":0,"47":0,"48":1,"49":0,"50":0,"51":0,"52":1,"53":1,"54":1,"55":1,"56":1,"57":1,"58":0,"59":1,"60":1,"61":1,"62":1,"63":0,"64":0,"65":0,"66":0,"67":1,"68":0,"69":0,"70":0,"71":0,"72":0,"73":1,"74":0,"75":3,"76":3,"77":3,"78":0,"79":2,"80":2,"81":2,"82":1,"83":2,"84":2,"85":2,"86":2,"87":2,"88":1},"f":{"0":4,"1":2,"2":4,"3":1,"4":0,"5":0,"6":0,"7":3,"8":2},"b":{"0":[1,1],"1":[0,1],"2":[4,0],"3":[2,0],"4":[0,2],"5":[0,0],"6":[0,1],"7":[0,1],"8":[0,1],"9":[0,1],"10":[0,0],"11":[0,1],"12":[1,0],"13":[0,1],"14":[1,0],"15":[0,0],"16":[0,2]},"_coverageSchema":"1a1c01bbd47fc00a2c39e90264f33305004495a9","hash":"a732b3c6f417789572fe2667db776fd59214b259"}
}
