{"C:\\Users\\Khodani\\OneDrive\\Documents\\SD-Project-repo-1\\src\\addNewTenant.js": {"path":"C:\\Users\\Khodani\\OneDrive\\Documents\\SD-Project-repo-1\\src\\addNewTenant.js","statementMap":{"0":{"start":{"line":5,"column":15},"end":{"line":5,"column":52}},"1":{"start":{"line":6,"column":16},"end":{"line":6,"column":54}},"2":{"start":{"line":7,"column":19},"end":{"line":7,"column":60}},"3":{"start":{"line":8,"column":26},"end":{"line":8,"column":74}},"4":{"start":{"line":10,"column":4},"end":{"line":15,"column":5}},"5":{"start":{"line":11,"column":8},"end":{"line":11,"column":40}},"6":{"start":{"line":14,"column":8},"end":{"line":14,"column":15}},"7":{"start":{"line":16,"column":4},"end":{"line":19,"column":5}},"8":{"start":{"line":17,"column":8},"end":{"line":17,"column":36}},"9":{"start":{"line":18,"column":8},"end":{"line":18,"column":15}},"10":{"start":{"line":22,"column":19},"end":{"line":29,"column":5}},"11":{"start":{"line":32,"column":4},"end":{"line":65,"column":7}},"12":{"start":{"line":40,"column":8},"end":{"line":42,"column":9}},"13":{"start":{"line":41,"column":12},"end":{"line":41,"column":59}},"14":{"start":{"line":43,"column":8},"end":{"line":43,"column":31}},"15":{"start":{"line":46,"column":8},"end":{"line":52,"column":9}},"16":{"start":{"line":48,"column":12},"end":{"line":48,"column":56}},"17":{"start":{"line":51,"column":12},"end":{"line":51,"column":37}},"18":{"start":{"line":57,"column":8},"end":{"line":57,"column":39}},"19":{"start":{"line":58,"column":8},"end":{"line":61,"column":9}},"20":{"start":{"line":60,"column":12},"end":{"line":60,"column":40}},"21":{"start":{"line":68,"column":0},"end":{"line":80,"column":3}},"22":{"start":{"line":69,"column":17},"end":{"line":69,"column":47}},"23":{"start":{"line":70,"column":25},"end":{"line":70,"column":64}},"24":{"start":{"line":72,"column":4},"end":{"line":77,"column":7}},"25":{"start":{"line":73,"column":8},"end":{"line":73,"column":31}},"26":{"start":{"line":76,"column":8},"end":{"line":76,"column":21}},"27":{"start":{"line":83,"column":0},"end":{"line":83,"column":26}}},"fnMap":{"0":{"name":"submitForm","decl":{"start":{"line":1,"column":9},"end":{"line":1,"column":19}},"loc":{"start":{"line":1,"column":22},"end":{"line":66,"column":1}},"line":1},"1":{"name":"(anonymous_1)","decl":{"start":{"line":39,"column":10},"end":{"line":39,"column":11}},"loc":{"start":{"line":39,"column":22},"end":{"line":44,"column":5}},"line":39},"2":{"name":"(anonymous_2)","decl":{"start":{"line":45,"column":10},"end":{"line":45,"column":11}},"loc":{"start":{"line":45,"column":18},"end":{"line":55,"column":5}},"line":45},"3":{"name":"(anonymous_3)","decl":{"start":{"line":56,"column":11},"end":{"line":56,"column":12}},"loc":{"start":{"line":56,"column":20},"end":{"line":65,"column":5}},"line":56},"4":{"name":"(anonymous_4)","decl":{"start":{"line":68,"column":46},"end":{"line":68,"column":47}},"loc":{"start":{"line":68,"column":58},"end":{"line":80,"column":1}},"line":68},"5":{"name":"(anonymous_5)","decl":{"start":{"line":72,"column":36},"end":{"line":72,"column":37}},"loc":{"start":{"line":72,"column":53},"end":{"line":77,"column":5}},"line":72}},"branchMap":{"0":{"loc":{"start":{"line":10,"column":4},"end":{"line":15,"column":5}},"type":"if","locations":[{"start":{"line":10,"column":4},"end":{"line":15,"column":5}},{"start":{},"end":{}}],"line":10},"1":{"loc":{"start":{"line":16,"column":4},"end":{"line":19,"column":5}},"type":"if","locations":[{"start":{"line":16,"column":4},"end":{"line":19,"column":5}},{"start":{},"end":{}}],"line":16},"2":{"loc":{"start":{"line":40,"column":8},"end":{"line":42,"column":9}},"type":"if","locations":[{"start":{"line":40,"column":8},"end":{"line":42,"column":9}},{"start":{},"end":{}}],"line":40},"3":{"loc":{"start":{"line":46,"column":8},"end":{"line":52,"column":9}},"type":"if","locations":[{"start":{"line":46,"column":8},"end":{"line":52,"column":9}},{"start":{"line":49,"column":15},"end":{"line":52,"column":9}}],"line":46},"4":{"loc":{"start":{"line":58,"column":8},"end":{"line":61,"column":9}},"type":"if","locations":[{"start":{"line":58,"column":8},"end":{"line":61,"column":9}},{"start":{},"end":{}}],"line":58}},"s":{"0":5,"1":5,"2":5,"3":5,"4":5,"5":1,"6":1,"7":4,"8":2,"9":2,"10":2,"11":2,"12":2,"13":0,"14":2,"15":2,"16":2,"17":0,"18":0,"19":0,"20":0,"21":1,"22":0,"23":0,"24":0,"25":0,"26":0,"27":1},"f":{"0":5,"1":2,"2":2,"3":0,"4":0,"5":0},"b":{"0":[1,4],"1":[2,2],"2":[0,2],"3":[2,0],"4":[0,0]},"_coverageSchema":"1a1c01bbd47fc00a2c39e90264f33305004495a9","hash":"fbd933390736149a24b1b031cc5fee89bbdcade4"}
,"C:\\Users\\Khodani\\OneDrive\\Documents\\SD-Project-repo-1\\src\\adminActions.js": {"path":"C:\\Users\\Khodani\\OneDrive\\Documents\\SD-Project-repo-1\\src\\adminActions.js","statementMap":{"0":{"start":{"line":2,"column":24},"end":{"line":2,"column":89}},"1":{"start":{"line":3,"column":26},"end":{"line":3,"column":66}},"2":{"start":{"line":4,"column":4},"end":{"line":4,"column":33}},"3":{"start":{"line":6,"column":4},"end":{"line":30,"column":7}},"4":{"start":{"line":8,"column":8},"end":{"line":10,"column":9}},"5":{"start":{"line":9,"column":12},"end":{"line":9,"column":59}},"6":{"start":{"line":11,"column":8},"end":{"line":11,"column":31}},"7":{"start":{"line":14,"column":8},"end":{"line":25,"column":11}},"8":{"start":{"line":15,"column":29},"end":{"line":15,"column":57}},"9":{"start":{"line":16,"column":12},"end":{"line":16,"column":52}},"10":{"start":{"line":18,"column":12},"end":{"line":23,"column":14}},"11":{"start":{"line":24,"column":12},"end":{"line":24,"column":48}},"12":{"start":{"line":28,"column":8},"end":{"line":28,"column":67}},"13":{"start":{"line":35,"column":4},"end":{"line":67,"column":5}},"14":{"start":{"line":36,"column":8},"end":{"line":66,"column":9}},"15":{"start":{"line":38,"column":29},"end":{"line":40,"column":14}},"16":{"start":{"line":42,"column":12},"end":{"line":62,"column":13}},"17":{"start":{"line":44,"column":16},"end":{"line":44,"column":65}},"18":{"start":{"line":45,"column":16},"end":{"line":45,"column":30}},"19":{"start":{"line":47,"column":37},"end":{"line":47,"column":72}},"20":{"start":{"line":48,"column":16},"end":{"line":50,"column":17}},"21":{"start":{"line":49,"column":20},"end":{"line":49,"column":42}},"22":{"start":{"line":51,"column":16},"end":{"line":51,"column":35}},"23":{"start":{"line":53,"column":38},"end":{"line":53,"column":78}},"24":{"start":{"line":54,"column":16},"end":{"line":57,"column":17}},"25":{"start":{"line":55,"column":20},"end":{"line":55,"column":70}},"26":{"start":{"line":56,"column":20},"end":{"line":56,"column":57}},"27":{"start":{"line":60,"column":16},"end":{"line":60,"column":79}},"28":{"start":{"line":64,"column":12},"end":{"line":64,"column":65}},"29":{"start":{"line":72,"column":0},"end":{"line":156,"column":3}},"30":{"start":{"line":73,"column":17},"end":{"line":73,"column":56}},"31":{"start":{"line":74,"column":22},"end":{"line":74,"column":57}},"32":{"start":{"line":76,"column":4},"end":{"line":80,"column":7}},"33":{"start":{"line":77,"column":8},"end":{"line":77,"column":31}},"34":{"start":{"line":79,"column":8},"end":{"line":79,"column":19}},"35":{"start":{"line":84,"column":24},"end":{"line":84,"column":59}},"36":{"start":{"line":87,"column":19},"end":{"line":87,"column":56}},"37":{"start":{"line":88,"column":20},"end":{"line":88,"column":58}},"38":{"start":{"line":89,"column":23},"end":{"line":89,"column":64}},"39":{"start":{"line":90,"column":30},"end":{"line":90,"column":78}},"40":{"start":{"line":93,"column":27},"end":{"line":93,"column":61}},"41":{"start":{"line":96,"column":8},"end":{"line":101,"column":9}},"42":{"start":{"line":96,"column":21},"end":{"line":96,"column":22}},"43":{"start":{"line":97,"column":12},"end":{"line":100,"column":13}},"44":{"start":{"line":98,"column":16},"end":{"line":98,"column":45}},"45":{"start":{"line":99,"column":16},"end":{"line":99,"column":22}},"46":{"start":{"line":103,"column":8},"end":{"line":108,"column":9}},"47":{"start":{"line":104,"column":12},"end":{"line":104,"column":44}},"48":{"start":{"line":106,"column":12},"end":{"line":106,"column":39}},"49":{"start":{"line":107,"column":12},"end":{"line":107,"column":19}},"50":{"start":{"line":109,"column":8},"end":{"line":111,"column":9}},"51":{"start":{"line":110,"column":12},"end":{"line":110,"column":40}},"52":{"start":{"line":113,"column":23},"end":{"line":119,"column":9}},"53":{"start":{"line":121,"column":8},"end":{"line":154,"column":11}},"54":{"start":{"line":129,"column":12},"end":{"line":131,"column":13}},"55":{"start":{"line":130,"column":16},"end":{"line":130,"column":63}},"56":{"start":{"line":132,"column":12},"end":{"line":132,"column":35}},"57":{"start":{"line":135,"column":12},"end":{"line":143,"column":13}},"58":{"start":{"line":137,"column":16},"end":{"line":137,"column":29}},"59":{"start":{"line":138,"column":16},"end":{"line":138,"column":36}},"60":{"start":{"line":140,"column":17},"end":{"line":143,"column":13}},"61":{"start":{"line":142,"column":16},"end":{"line":142,"column":34}},"62":{"start":{"line":149,"column":12},"end":{"line":149,"column":43}},"63":{"start":{"line":158,"column":0},"end":{"line":160,"column":3}},"64":{"start":{"line":159,"column":4},"end":{"line":159,"column":23}},"65":{"start":{"line":163,"column":4},"end":{"line":189,"column":5}},"66":{"start":{"line":164,"column":25},"end":{"line":164,"column":50}},"67":{"start":{"line":165,"column":8},"end":{"line":167,"column":9}},"68":{"start":{"line":166,"column":12},"end":{"line":166,"column":59}},"69":{"start":{"line":168,"column":29},"end":{"line":168,"column":50}},"70":{"start":{"line":169,"column":30},"end":{"line":169,"column":70}},"71":{"start":{"line":170,"column":8},"end":{"line":170,"column":37}},"72":{"start":{"line":172,"column":8},"end":{"line":185,"column":11}},"73":{"start":{"line":173,"column":29},"end":{"line":173,"column":57}},"74":{"start":{"line":174,"column":12},"end":{"line":174,"column":52}},"75":{"start":{"line":176,"column":12},"end":{"line":183,"column":14}},"76":{"start":{"line":184,"column":12},"end":{"line":184,"column":48}},"77":{"start":{"line":187,"column":8},"end":{"line":187,"column":61}},"78":{"start":{"line":194,"column":0},"end":{"line":194,"column":30}}},"fnMap":{"0":{"name":"searchStaff","decl":{"start":{"line":1,"column":9},"end":{"line":1,"column":20}},"loc":{"start":{"line":1,"column":23},"end":{"line":31,"column":1}},"line":1},"1":{"name":"(anonymous_1)","decl":{"start":{"line":7,"column":10},"end":{"line":7,"column":11}},"loc":{"start":{"line":7,"column":22},"end":{"line":12,"column":5}},"line":7},"2":{"name":"(anonymous_2)","decl":{"start":{"line":13,"column":10},"end":{"line":13,"column":11}},"loc":{"start":{"line":13,"column":26},"end":{"line":26,"column":5}},"line":13},"3":{"name":"(anonymous_3)","decl":{"start":{"line":14,"column":29},"end":{"line":14,"column":30}},"loc":{"start":{"line":14,"column":38},"end":{"line":25,"column":9}},"line":14},"4":{"name":"(anonymous_4)","decl":{"start":{"line":27,"column":11},"end":{"line":27,"column":12}},"loc":{"start":{"line":27,"column":20},"end":{"line":30,"column":5}},"line":27},"5":{"name":"deleteStaff","decl":{"start":{"line":34,"column":15},"end":{"line":34,"column":26}},"loc":{"start":{"line":34,"column":48},"end":{"line":68,"column":1}},"line":34},"6":{"name":"(anonymous_6)","decl":{"start":{"line":72,"column":46},"end":{"line":72,"column":47}},"loc":{"start":{"line":72,"column":58},"end":{"line":156,"column":1}},"line":72},"7":{"name":"(anonymous_7)","decl":{"start":{"line":76,"column":36},"end":{"line":76,"column":37}},"loc":{"start":{"line":76,"column":53},"end":{"line":80,"column":5}},"line":76},"8":{"name":"addStaff","decl":{"start":{"line":82,"column":13},"end":{"line":82,"column":21}},"loc":{"start":{"line":82,"column":24},"end":{"line":155,"column":5}},"line":82},"9":{"name":"(anonymous_9)","decl":{"start":{"line":128,"column":14},"end":{"line":128,"column":15}},"loc":{"start":{"line":128,"column":26},"end":{"line":133,"column":9}},"line":128},"10":{"name":"(anonymous_10)","decl":{"start":{"line":134,"column":14},"end":{"line":134,"column":15}},"loc":{"start":{"line":134,"column":22},"end":{"line":146,"column":9}},"line":134},"11":{"name":"(anonymous_11)","decl":{"start":{"line":148,"column":15},"end":{"line":148,"column":16}},"loc":{"start":{"line":148,"column":24},"end":{"line":154,"column":9}},"line":148},"12":{"name":"(anonymous_12)","decl":{"start":{"line":158,"column":46},"end":{"line":158,"column":47}},"loc":{"start":{"line":158,"column":58},"end":{"line":160,"column":1}},"line":158},"13":{"name":"displayStaffList","decl":{"start":{"line":162,"column":15},"end":{"line":162,"column":31}},"loc":{"start":{"line":162,"column":34},"end":{"line":190,"column":1}},"line":162},"14":{"name":"(anonymous_14)","decl":{"start":{"line":172,"column":29},"end":{"line":172,"column":30}},"loc":{"start":{"line":172,"column":38},"end":{"line":185,"column":9}},"line":172}},"branchMap":{"0":{"loc":{"start":{"line":8,"column":8},"end":{"line":10,"column":9}},"type":"if","locations":[{"start":{"line":8,"column":8},"end":{"line":10,"column":9}},{"start":{},"end":{}}],"line":8},"1":{"loc":{"start":{"line":35,"column":4},"end":{"line":67,"column":5}},"type":"if","locations":[{"start":{"line":35,"column":4},"end":{"line":67,"column":5}},{"start":{},"end":{}}],"line":35},"2":{"loc":{"start":{"line":42,"column":12},"end":{"line":62,"column":13}},"type":"if","locations":[{"start":{"line":42,"column":12},"end":{"line":62,"column":13}},{"start":{"line":58,"column":19},"end":{"line":62,"column":13}}],"line":42},"3":{"loc":{"start":{"line":48,"column":16},"end":{"line":50,"column":17}},"type":"if","locations":[{"start":{"line":48,"column":16},"end":{"line":50,"column":17}},{"start":{},"end":{}}],"line":48},"4":{"loc":{"start":{"line":54,"column":16},"end":{"line":57,"column":17}},"type":"if","locations":[{"start":{"line":54,"column":16},"end":{"line":57,"column":17}},{"start":{},"end":{}}],"line":54},"5":{"loc":{"start":{"line":97,"column":12},"end":{"line":100,"column":13}},"type":"if","locations":[{"start":{"line":97,"column":12},"end":{"line":100,"column":13}},{"start":{},"end":{}}],"line":97},"6":{"loc":{"start":{"line":103,"column":8},"end":{"line":108,"column":9}},"type":"if","locations":[{"start":{"line":103,"column":8},"end":{"line":108,"column":9}},{"start":{},"end":{}}],"line":103},"7":{"loc":{"start":{"line":109,"column":8},"end":{"line":111,"column":9}},"type":"if","locations":[{"start":{"line":109,"column":8},"end":{"line":111,"column":9}},{"start":{},"end":{}}],"line":109},"8":{"loc":{"start":{"line":129,"column":12},"end":{"line":131,"column":13}},"type":"if","locations":[{"start":{"line":129,"column":12},"end":{"line":131,"column":13}},{"start":{},"end":{}}],"line":129},"9":{"loc":{"start":{"line":135,"column":12},"end":{"line":143,"column":13}},"type":"if","locations":[{"start":{"line":135,"column":12},"end":{"line":143,"column":13}},{"start":{"line":140,"column":17},"end":{"line":143,"column":13}}],"line":135},"10":{"loc":{"start":{"line":140,"column":17},"end":{"line":143,"column":13}},"type":"if","locations":[{"start":{"line":140,"column":17},"end":{"line":143,"column":13}},{"start":{},"end":{}}],"line":140},"11":{"loc":{"start":{"line":165,"column":8},"end":{"line":167,"column":9}},"type":"if","locations":[{"start":{"line":165,"column":8},"end":{"line":167,"column":9}},{"start":{},"end":{}}],"line":165}},"s":{"0":1,"1":0,"2":0,"3":0,"4":0,"5":0,"6":0,"7":0,"8":0,"9":0,"10":0,"11":0,"12":0,"13":3,"14":2,"15":2,"16":2,"17":1,"18":1,"19":0,"20":0,"21":0,"22":0,"23":0,"24":0,"25":0,"26":0,"27":1,"28":1,"29":1,"30":0,"31":0,"32":0,"33":0,"34":0,"35":0,"36":0,"37":0,"38":0,"39":0,"40":0,"41":0,"42":0,"43":0,"44":0,"45":0,"46":0,"47":0,"48":0,"49":0,"50":0,"51":0,"52":0,"53":0,"54":0,"55":0,"56":0,"57":0,"58":0,"59":0,"60":0,"61":0,"62":0,"63":1,"64":0,"65":0,"66":0,"67":0,"68":0,"69":0,"70":0,"71":0,"72":0,"73":0,"74":0,"75":0,"76":0,"77":0,"78":1},"f":{"0":1,"1":0,"2":0,"3":0,"4":0,"5":3,"6":0,"7":0,"8":0,"9":0,"10":0,"11":0,"12":0,"13":0,"14":0},"b":{"0":[0,0],"1":[2,1],"2":[1,1],"3":[0,0],"4":[0,0],"5":[0,0],"6":[0,0],"7":[0,0],"8":[0,0],"9":[0,0],"10":[0,0],"11":[0,0]},"_coverageSchema":"1a1c01bbd47fc00a2c39e90264f33305004495a9","hash":"280ffd27d19ba64ed008d107526c41e7d6ad5bcc"}
,"C:\\Users\\Khodani\\OneDrive\\Documents\\SD-Project-repo-1\\src\\deleteUsers.js": {"path":"C:\\Users\\Khodani\\OneDrive\\Documents\\SD-Project-repo-1\\src\\deleteUsers.js","statementMap":{"0":{"start":{"line":6,"column":4},"end":{"line":23,"column":7}},"1":{"start":{"line":8,"column":8},"end":{"line":12,"column":9}},"2":{"start":{"line":9,"column":12},"end":{"line":9,"column":35}},"3":{"start":{"line":11,"column":12},"end":{"line":11,"column":63}},"4":{"start":{"line":15,"column":8},"end":{"line":15,"column":26}},"5":{"start":{"line":16,"column":37},"end":{"line":16,"column":41}},"6":{"start":{"line":19,"column":8},"end":{"line":19,"column":52}},"7":{"start":{"line":22,"column":8},"end":{"line":22,"column":64}},"8":{"start":{"line":28,"column":30},"end":{"line":28,"column":75}},"9":{"start":{"line":31,"column":4},"end":{"line":31,"column":37}},"10":{"start":{"line":34,"column":4},"end":{"line":68,"column":7}},"11":{"start":{"line":35,"column":24},"end":{"line":35,"column":52}},"12":{"start":{"line":36,"column":8},"end":{"line":36,"column":48}},"13":{"start":{"line":37,"column":8},"end":{"line":37,"column":43}},"14":{"start":{"line":40,"column":8},"end":{"line":46,"column":10}},"15":{"start":{"line":49,"column":29},"end":{"line":49,"column":61}},"16":{"start":{"line":50,"column":8},"end":{"line":50,"column":44}},"17":{"start":{"line":51,"column":8},"end":{"line":51,"column":49}},"18":{"start":{"line":54,"column":8},"end":{"line":61,"column":10}},"19":{"start":{"line":56,"column":23},"end":{"line":56,"column":47}},"20":{"start":{"line":57,"column":12},"end":{"line":57,"column":28}},"21":{"start":{"line":60,"column":12},"end":{"line":60,"column":28}},"22":{"start":{"line":64,"column":8},"end":{"line":64,"column":42}},"23":{"start":{"line":67,"column":8},"end":{"line":67,"column":47}},"24":{"start":{"line":90,"column":4},"end":{"line":105,"column":7}},"25":{"start":{"line":94,"column":8},"end":{"line":101,"column":9}},"26":{"start":{"line":96,"column":33},"end":{"line":96,"column":71}},"27":{"start":{"line":97,"column":12},"end":{"line":97,"column":62}},"28":{"start":{"line":98,"column":12},"end":{"line":98,"column":69}},"29":{"start":{"line":100,"column":12},"end":{"line":100,"column":54}},"30":{"start":{"line":104,"column":8},"end":{"line":104,"column":54}},"31":{"start":{"line":109,"column":0},"end":{"line":109,"column":33}}},"fnMap":{"0":{"name":"fetchUsers","decl":{"start":{"line":5,"column":9},"end":{"line":5,"column":19}},"loc":{"start":{"line":5,"column":22},"end":{"line":24,"column":1}},"line":5},"1":{"name":"(anonymous_1)","decl":{"start":{"line":7,"column":10},"end":{"line":7,"column":11}},"loc":{"start":{"line":7,"column":22},"end":{"line":13,"column":5}},"line":7},"2":{"name":"(anonymous_2)","decl":{"start":{"line":14,"column":10},"end":{"line":14,"column":11}},"loc":{"start":{"line":14,"column":18},"end":{"line":20,"column":5}},"line":14},"3":{"name":"(anonymous_3)","decl":{"start":{"line":21,"column":11},"end":{"line":21,"column":12}},"loc":{"start":{"line":21,"column":20},"end":{"line":23,"column":5}},"line":21},"4":{"name":"updateNotificationsWidget","decl":{"start":{"line":27,"column":9},"end":{"line":27,"column":34}},"loc":{"start":{"line":27,"column":55},"end":{"line":69,"column":1}},"line":27},"5":{"name":"(anonymous_5)","decl":{"start":{"line":34,"column":18},"end":{"line":34,"column":19}},"loc":{"start":{"line":34,"column":35},"end":{"line":68,"column":5}},"line":34},"6":{"name":"(anonymous_6)","decl":{"start":{"line":54,"column":31},"end":{"line":54,"column":32}},"loc":{"start":{"line":54,"column":42},"end":{"line":61,"column":9}},"line":54},"7":{"name":"deleteIssue","decl":{"start":{"line":88,"column":9},"end":{"line":88,"column":20}},"loc":{"start":{"line":88,"column":25},"end":{"line":106,"column":1}},"line":88},"8":{"name":"(anonymous_8)","decl":{"start":{"line":93,"column":10},"end":{"line":93,"column":11}},"loc":{"start":{"line":93,"column":22},"end":{"line":102,"column":5}},"line":93},"9":{"name":"(anonymous_9)","decl":{"start":{"line":103,"column":11},"end":{"line":103,"column":12}},"loc":{"start":{"line":103,"column":20},"end":{"line":105,"column":5}},"line":103}},"branchMap":{"0":{"loc":{"start":{"line":8,"column":8},"end":{"line":12,"column":9}},"type":"if","locations":[{"start":{"line":8,"column":8},"end":{"line":12,"column":9}},{"start":{"line":10,"column":15},"end":{"line":12,"column":9}}],"line":8},"1":{"loc":{"start":{"line":94,"column":8},"end":{"line":101,"column":9}},"type":"if","locations":[{"start":{"line":94,"column":8},"end":{"line":101,"column":9}},{"start":{"line":99,"column":15},"end":{"line":101,"column":9}}],"line":94}},"s":{"0":0,"1":0,"2":0,"3":0,"4":0,"5":0,"6":0,"7":0,"8":0,"9":0,"10":0,"11":0,"12":0,"13":0,"14":0,"15":0,"16":0,"17":0,"18":0,"19":0,"20":0,"21":0,"22":0,"23":0,"24":3,"25":1,"26":1,"27":1,"28":1,"29":0,"30":1,"31":1},"f":{"0":0,"1":0,"2":0,"3":0,"4":0,"5":0,"6":0,"7":3,"8":1,"9":1},"b":{"0":[0,0],"1":[1,0]},"_coverageSchema":"1a1c01bbd47fc00a2c39e90264f33305004495a9","hash":"8d3f9be0ddf12aea0a2f77d3700cf964c1d591ec"}
}
