TN:
SF:src\addNewTenant.js
FN:1,submitForm
FN:39,(anonymous_1)
FN:45,(anonymous_2)
FN:56,(anonymous_3)
FN:68,(anonymous_4)
FN:72,(anonymous_5)
FNF:6
FNH:3
FNDA:5,submitForm
FNDA:2,(anonymous_1)
FNDA:2,(anonymous_2)
FNDA:0,(anonymous_3)
FNDA:0,(anonymous_4)
FNDA:0,(anonymous_5)
DA:5,5
DA:6,5
DA:7,5
DA:8,5
DA:10,5
DA:11,1
DA:14,1
DA:16,4
DA:17,2
DA:18,2
DA:22,2
DA:32,2
DA:40,2
DA:41,0
DA:43,2
DA:46,2
DA:48,2
DA:51,0
DA:57,0
DA:58,0
DA:60,0
DA:68,1
DA:69,0
DA:70,0
DA:72,0
DA:73,0
DA:76,0
DA:83,1
LF:28
LH:18
BRDA:10,0,0,1
BRDA:10,0,1,4
BRDA:16,1,0,2
BRDA:16,1,1,2
BRDA:40,2,0,0
BRDA:40,2,1,2
BRDA:46,3,0,2
BRDA:46,3,1,0
BRDA:58,4,0,0
BRDA:58,4,1,0
BRF:10
BRH:6
end_of_record
TN:
SF:src\adminActions.js
FN:1,searchStaff
FN:7,(anonymous_1)
FN:13,(anonymous_2)
FN:14,(anonymous_3)
FN:27,(anonymous_4)
FN:34,deleteStaff
FN:72,(anonymous_6)
FN:76,(anonymous_7)
FN:82,addStaff
FN:128,(anonymous_9)
FN:134,(anonymous_10)
FN:148,(anonymous_11)
FN:158,(anonymous_12)
FN:162,displayStaffList
FN:172,(anonymous_14)
FNF:15
FNH:2
FNDA:1,searchStaff
FNDA:0,(anonymous_1)
FNDA:0,(anonymous_2)
FNDA:0,(anonymous_3)
FNDA:0,(anonymous_4)
FNDA:3,deleteStaff
FNDA:0,(anonymous_6)
FNDA:0,(anonymous_7)
FNDA:0,addStaff
FNDA:0,(anonymous_9)
FNDA:0,(anonymous_10)
FNDA:0,(anonymous_11)
FNDA:0,(anonymous_12)
FNDA:0,displayStaffList
FNDA:0,(anonymous_14)
DA:2,1
DA:3,0
DA:4,0
DA:6,0
DA:8,0
DA:9,0
DA:11,0
DA:14,0
DA:15,0
DA:16,0
DA:18,0
DA:24,0
DA:28,0
DA:35,3
DA:36,2
DA:38,2
DA:42,2
DA:44,1
DA:45,1
DA:47,0
DA:48,0
DA:49,0
DA:51,0
DA:53,0
DA:54,0
DA:55,0
DA:56,0
DA:60,1
DA:64,1
DA:72,1
DA:73,0
DA:74,0
DA:76,0
DA:77,0
DA:79,0
DA:84,0
DA:87,0
DA:88,0
DA:89,0
DA:90,0
DA:93,0
DA:96,0
DA:97,0
DA:98,0
DA:99,0
DA:103,0
DA:104,0
DA:106,0
DA:107,0
DA:109,0
DA:110,0
DA:113,0
DA:121,0
DA:129,0
DA:130,0
DA:132,0
DA:135,0
DA:137,0
DA:138,0
DA:140,0
DA:142,0
DA:149,0
DA:158,1
DA:159,0
DA:163,0
DA:164,0
DA:165,0
DA:166,0
DA:168,0
DA:169,0
DA:170,0
DA:172,0
DA:173,0
DA:174,0
DA:176,0
DA:184,0
DA:187,0
DA:194,1
LF:78
LH:12
BRDA:8,0,0,0
BRDA:8,0,1,0
BRDA:35,1,0,2
BRDA:35,1,1,1
BRDA:42,2,0,1
BRDA:42,2,1,1
BRDA:48,3,0,0
BRDA:48,3,1,0
BRDA:54,4,0,0
BRDA:54,4,1,0
BRDA:97,5,0,0
BRDA:97,5,1,0
BRDA:103,6,0,0
BRDA:103,6,1,0
BRDA:109,7,0,0
BRDA:109,7,1,0
BRDA:129,8,0,0
BRDA:129,8,1,0
BRDA:135,9,0,0
BRDA:135,9,1,0
BRDA:140,10,0,0
BRDA:140,10,1,0
BRDA:165,11,0,0
BRDA:165,11,1,0
BRF:24
BRH:4
end_of_record
TN:
SF:src\deleteUsers.js
FN:5,fetchUsers
FN:7,(anonymous_1)
FN:14,(anonymous_2)
FN:21,(anonymous_3)
FN:27,updateNotificationsWidget
FN:34,(anonymous_5)
FN:54,(anonymous_6)
FN:88,deleteIssue
FN:93,(anonymous_8)
FN:103,(anonymous_9)
FNF:10
FNH:3
FNDA:0,fetchUsers
FNDA:0,(anonymous_1)
FNDA:0,(anonymous_2)
FNDA:0,(anonymous_3)
FNDA:0,updateNotificationsWidget
FNDA:0,(anonymous_5)
FNDA:0,(anonymous_6)
FNDA:3,deleteIssue
FNDA:1,(anonymous_8)
FNDA:1,(anonymous_9)
DA:6,0
DA:8,0
DA:9,0
DA:11,0
DA:15,0
DA:16,0
DA:19,0
DA:22,0
DA:28,0
DA:31,0
DA:34,0
DA:35,0
DA:36,0
DA:37,0
DA:40,0
DA:49,0
DA:50,0
DA:51,0
DA:54,0
DA:56,0
DA:57,0
DA:60,0
DA:64,0
DA:67,0
DA:90,3
DA:94,1
DA:96,1
DA:97,1
DA:98,1
DA:100,0
DA:104,1
DA:109,1
LF:32
LH:7
BRDA:8,0,0,0
BRDA:8,0,1,0
BRDA:94,1,0,1
BRDA:94,1,1,0
BRF:4
BRH:1
end_of_record
