TN:
SF:src\adminActions.js
FN:1,searchStaff
FN:18,(anonymous_1)
FN:38,deleteStaff
FN:76,addStaff
FN:154,(anonymous_4)
FN:158,(anonymous_5)
FN:165,(anonymous_6)
FN:169,displayStaffList
FN:179,(anonymous_8)
FNF:9
FNH:6
FNDA:4,searchStaff
FNDA:2,(anonymous_1)
FNDA:4,deleteStaff
FNDA:1,addStaff
FNDA:0,(anonymous_4)
FNDA:0,(anonymous_5)
FNDA:0,(anonymous_6)
FNDA:3,displayStaffList
FNDA:2,(anonymous_8)
DA:2,4
DA:3,4
DA:4,2
DA:5,2
DA:7,2
DA:8,2
DA:9,1
DA:11,1
DA:12,1
DA:13,0
DA:15,0
DA:18,1
DA:19,2
DA:20,2
DA:22,2
DA:28,2
DA:31,3
DA:39,4
DA:40,4
DA:42,4
DA:46,3
DA:48,2
DA:49,2
DA:51,2
DA:52,2
DA:53,0
DA:55,2
DA:57,2
DA:58,2
DA:59,0
DA:60,0
DA:64,0
DA:68,4
DA:78,1
DA:81,1
DA:82,1
DA:83,1
DA:84,1
DA:85,1
DA:86,1
DA:87,1
DA:88,1
DA:91,1
DA:94,1
DA:95,0
DA:96,0
DA:97,0
DA:101,1
DA:102,0
DA:104,0
DA:105,0
DA:107,1
DA:108,1
DA:113,1
DA:121,1
DA:122,1
DA:130,1
DA:131,0
DA:134,1
DA:136,1
DA:138,1
DA:139,1
DA:141,0
DA:143,0
DA:147,0
DA:150,0
DA:154,1
DA:155,0
DA:156,0
DA:158,0
DA:159,0
DA:161,0
DA:165,1
DA:166,0
DA:170,3
DA:171,3
DA:172,3
DA:173,0
DA:175,2
DA:176,2
DA:177,2
DA:179,1
DA:180,2
DA:181,2
DA:183,2
DA:191,2
DA:194,2
DA:199,1
LF:88
LH:64
BRDA:8,0,0,1
BRDA:8,0,1,1
BRDA:12,1,0,0
BRDA:12,1,1,1
BRDA:39,2,0,4
BRDA:39,2,1,0
BRDA:46,3,0,2
BRDA:46,3,1,0
BRDA:52,4,0,0
BRDA:52,4,1,2
BRDA:58,5,0,0
BRDA:58,5,1,0
BRDA:82,6,0,0
BRDA:82,6,1,1
BRDA:84,7,0,0
BRDA:84,7,1,1
BRDA:86,8,0,0
BRDA:86,8,1,1
BRDA:88,9,0,0
BRDA:88,9,1,1
BRDA:95,10,0,0
BRDA:95,10,1,0
BRDA:101,11,0,0
BRDA:101,11,1,1
BRDA:107,12,0,1
BRDA:107,12,1,0
BRDA:130,13,0,0
BRDA:130,13,1,1
BRDA:136,14,0,1
BRDA:136,14,1,0
BRDA:141,15,0,0
BRDA:141,15,1,0
BRDA:172,16,0,0
BRDA:172,16,1,2
BRF:34
BRH:15
end_of_record
